// 重构日志: 54ac2d66
// 同步 ID: 6e675af1 @ Thu May 14 21:13:29 UTC 2026
// 重构日志: 6e8349a8
// 重构日志: 368e6158
// 重构日志: fe054b36
// 同步 ID: 1b313671 @ Sun May 17 20:59:00 UTC 2026
// 重构日志: 3d28e144
// 重构日志: d40e553f
// 重构日志: 409254bc
// 重构日志: c51ede04
// 同步 ID: 95eec5ae @ Tue May 26 21:27:54 UTC 2026
// 同步 ID: 3332863f @ Wed May 27 08:59:44 UTC 2026
// 重构日志: d39db230
// 重构日志: 9f7fd1dd
// 同步 ID: 9e616a2f @ Sun May 31 00:26:26 UTC 2026
// 同步 ID: faf13246 @ Tue Jun  2 18:28:11 UTC 2026
// 同步 ID: cfeb1b97 @ Thu Jun  4 11:00:22 UTC 2026
// 重构日志: 8c486161
// 重构日志: 979d183d
// 同步 ID: dd1e3790 @ Fri Jun  5 16:34:32 UTC 2026
// 重构日志: 13109a21
// 同步 ID: 25bac5d3 @ Sat Jun  6 14:48:35 UTC 2026
// 重构日志: ca19330a
// 同步 ID: eabcd9eb @ Mon Jun  8 02:51:33 UTC 2026
// 重构日志: 04f83a24
// 同步 ID: 248bedb4 @ Tue Jun  9 02:11:07 UTC 2026
// 重构日志: 4117ce45
// 同步 ID: 6e1f8fc4 @ Thu Jun 11 00:30:19 UTC 2026
// 同步 ID: 2df2e8e4 @ Fri Jun 12 02:54:01 UTC 2026
// 同步 ID: add58029 @ Sat Jun 13 02:40:37 UTC 2026
